<?xml version="1.0" encoding="UTF-8"?>
<testsuite name="test.pivotal.pal.trackerapi.WelcomeApiTest" tests="1" skipped="0" failures="0" errors="0" timestamp="2019-08-21T06:22:31" hostname="pal8-OptiPlex-7050" time="0.007">
  <properties/>
  <testcase name="exampleTest" classname="test.pivotal.pal.trackerapi.WelcomeApiTest" time="0.007"/>
  <system-out><![CDATA[2019-08-21 11:52:31.461  INFO 19773 --- [    Test worker] .b.t.c.SpringBootTestContextBootstrapper : Neither @ContextConfiguration nor @ContextHierarchy found for test class [test.pivotal.pal.trackerapi.WelcomeApiTest], using SpringBootContextLoader
2019-08-21 11:52:31.462  INFO 19773 --- [    Test worker] o.s.t.c.support.AbstractContextLoader    : Could not detect default resource locations for test class [test.pivotal.pal.trackerapi.WelcomeApiTest]: no resource found for suffixes {-context.xml, Context.groovy}.
2019-08-21 11:52:31.463  INFO 19773 --- [    Test worker] .b.t.c.SpringBootTestContextBootstrapper : Loaded default TestExecutionListener class names from location [META-INF/spring.factories]: [org.springframework.boot.test.autoconfigure.restdocs.RestDocsTestExecutionListener, org.springframework.boot.test.autoconfigure.web.client.MockRestServiceServerResetTestExecutionListener, org.springframework.boot.test.autoconfigure.web.servlet.MockMvcPrintOnlyOnFailureTestExecutionListener, org.springframework.boot.test.autoconfigure.web.servlet.WebDriverTestExecutionListener, org.springframework.boot.test.mock.mockito.MockitoTestExecutionListener, org.springframework.boot.test.mock.mockito.ResetMocksTestExecutionListener, org.springframework.test.context.web.ServletTestExecutionListener, org.springframework.test.context.support.DirtiesContextBeforeModesTestExecutionListener, org.springframework.test.context.support.DependencyInjectionTestExecutionListener, org.springframework.test.context.support.DirtiesContextTestExecutionListener, org.springframework.test.context.transaction.TransactionalTestExecutionListener, org.springframework.test.context.jdbc.SqlScriptsTestExecutionListener]
2019-08-21 11:52:31.464  INFO 19773 --- [    Test worker] .b.t.c.SpringBootTestContextBootstrapper : Using TestExecutionListeners: [org.springframework.test.context.web.ServletTestExecutionListener@32d36dd, org.springframework.test.context.support.DirtiesContextBeforeModesTestExecutionListener@42e0672a, org.springframework.boot.test.mock.mockito.MockitoTestExecutionListener@3f950a5f, org.springframework.boot.test.autoconfigure.SpringBootDependencyInjectionTestExecutionListener@160b4c89, org.springframework.test.context.support.DirtiesContextTestExecutionListener@7c7a1b4b, org.springframework.boot.test.autoconfigure.restdocs.RestDocsTestExecutionListener@3d62fad9, org.springframework.boot.test.autoconfigure.web.client.MockRestServiceServerResetTestExecutionListener@2ab2d8d8, org.springframework.boot.test.autoconfigure.web.servlet.MockMvcPrintOnlyOnFailureTestExecutionListener@6611a603, org.springframework.boot.test.autoconfigure.web.servlet.WebDriverTestExecutionListener@4a1d49c9, org.springframework.boot.test.mock.mockito.ResetMocksTestExecutionListener@6003d661]
]]></system-out>
  <system-err><![CDATA[]]></system-err>
</testsuite>
